# JRE version: OpenJDK Runtime Environment Temurin-21.0.7+6 (21.0.7+6) (build 21.0.7+6-LTS)
# Java VM: OpenJDK 64-Bit Server VM Temurin-21.0.7+6 (21.0.7+6-LTS, mixed mode, sharing, tiered, compressed oops, compressed class ptrs, parallel gc, windows-amd64)
GC Precious Log:
 CardTable entry size: 512
 CPUs: 8 total, 8 available
 Memory: 8106M
 Large Page Support: Disabled
 NUMA Support: Disabled
 Compressed Oops: Enabled (32-bit)
 Alignments: Space 512K, Generation 512K, Heap 2M
 Heap Min Capacity: 100M
 Heap Initial Capacity: 100M
 Heap Max Capacity: 1G
 Pre-touch: Disabled
 Parallel Workers: 8
Heap:
 PSYoungGen      total 24064K, used 11666K [0x00000000eab00000, 0x00000000ec500000, 0x0000000100000000)
  eden space 21504K, 44% used [0x00000000eab00000,0x00000000eb452440,0x00000000ec000000)
  from space 2560K, 82% used [0x00000000ec000000,0x00000000ec2124c0,0x00000000ec280000)
  to   space 2560K, 0% used [0x00000000ec280000,0x00000000ec280000,0x00000000ec500000)
 ParOldGen       total 68608K, used 36087K [0x00000000c0000000, 0x00000000c4300000, 0x00000000eab00000)
  object space 68608K, 52% used [0x00000000c0000000,0x00000000c233dd38,0x00000000c4300000)
 Metaspace       used 42602K, committed 43648K, reserved 1114112K
  class space    used 4189K, committed 4672K, reserved 1048576K
GC Heap History (20 events):
Event: 24.705 GC heap before
{Heap before GC invocations=18 (full 1):
 PSYoungGen      total 24064K, used 23511K [0x00000000eab00000, 0x00000000ec500000, 0x0000000100000000)
  eden space 21504K, 99% used [0x00000000eab00000,0x00000000ebfffa68,0x00000000ec000000)
  from space 2560K, 78% used [0x00000000ec280000,0x00000000ec476200,0x00000000ec500000)
  to   space 2560K, 0% used [0x00000000ec000000,0x00000000ec000000,0x00000000ec280000)
 ParOldGen       total 68608K, used 28276K [0x00000000c0000000, 0x00000000c4300000, 0x00000000eab00000)
  object space 68608K, 41% used [0x00000000c0000000,0x00000000c1b9d2c0,0x00000000c4300000)
 Metaspace       used 33632K, committed 34624K, reserved 1114112K
  class space    used 3374K, committed 3776K, reserved 1048576K
}
Event: 24.711 GC heap after
{Heap after GC invocations=18 (full 1):
 PSYoungGen      total 23040K, used 1508K [0x00000000eab00000, 0x00000000ec400000, 0x0000000100000000)
  eden space 21504K, 0% used [0x00000000eab00000,0x00000000eab00000,0x00000000ec000000)
  from space 1536K, 98% used [0x00000000ec000000,0x00000000ec179258,0x00000000ec180000)
  to   space 2048K, 0% used [0x00000000ec200000,0x00000000ec200000,0x00000000ec400000)
 ParOldGen       total 68608K, used 30149K [0x00000000c0000000, 0x00000000c4300000, 0x00000000eab00000)
  object space 68608K, 43% used [0x00000000c0000000,0x00000000c1d714c0,0x00000000c4300000)
 Metaspace       used 33632K, committed 34624K, reserved 1114112K
  class space    used 3374K, committed 3776K, reserved 1048576K
}
Event: 25.161 GC heap before
{Heap before GC invocations=19 (full 1):
 PSYoungGen      total 23040K, used 17948K [0x00000000eab00000, 0x00000000ec400000, 0x0000000100000000)
  eden space 21504K, 76% used [0x00000000eab00000,0x00000000ebb0e050,0x00000000ec000000)
  from space 1536K, 98% used [0x00000000ec000000,0x00000000ec179258,0x00000000ec180000)
  to   space 2048K, 0% used [0x00000000ec200000,0x00000000ec200000,0x00000000ec400000)
 ParOldGen       total 68608K, used 30149K [0x00000000c0000000, 0x00000000c4300000, 0x00000000eab00000)
  object space 68608K, 43% used [0x00000000c0000000,0x00000000c1d714c0,0x00000000c4300000)
 Metaspace       used 34947K, committed 35840K, reserved 1114112K
  class space    used 3521K, committed 3904K, reserved 1048576K
}
Event: 25.165 GC heap after
{Heap after GC invocations=19 (full 1):
 PSYoungGen      total 22528K, used 589K [0x00000000eab00000, 0x00000000ec300000, 0x0000000100000000)
  eden space 21504K, 0% used [0x00000000eab00000,0x00000000eab00000,0x00000000ec000000)
  from space 1024K, 57% used [0x00000000ec200000,0x00000000ec293728,0x00000000ec300000)
  to   space 1024K, 0% used [0x00000000ec100000,0x00000000ec100000,0x00000000ec200000)
 ParOldGen       total 68608K, used 31539K [0x00000000c0000000, 0x00000000c4300000, 0x00000000eab00000)
  object space 68608K, 45% used [0x00000000c0000000,0x00000000c1eccc40,0x00000000c4300000)
 Metaspace       used 34947K, committed 35840K, reserved 1114112K
  class space    used 3521K, committed 3904K, reserved 1048576K
}
Event: 25.165 GC heap before
{Heap before GC invocations=20 (full 2):
 PSYoungGen      total 22528K, used 589K [0x00000000eab00000, 0x00000000ec300000, 0x0000000100000000)
  eden space 21504K, 0% used [0x00000000eab00000,0x00000000eab00000,0x00000000ec000000)
  from space 1024K, 57% used [0x00000000ec200000,0x00000000ec293728,0x00000000ec300000)
  to   space 1024K, 0% used [0x00000000ec100000,0x00000000ec100000,0x00000000ec200000)
 ParOldGen       total 68608K, used 31539K [0x00000000c0000000, 0x00000000c4300000, 0x00000000eab00000)
  object space 68608K, 45% used [0x00000000c0000000,0x00000000c1eccc40,0x00000000c4300000)
 Metaspace       used 34947K, committed 35840K, reserved 1114112K
  class space    used 3521K, committed 3904K, reserved 1048576K
}
Event: 25.229 GC heap after
{Heap after GC invocations=20 (full 2):
 PSYoungGen      total 22528K, used 0K [0x00000000eab00000, 0x00000000ec300000, 0x0000000100000000)
  eden space 21504K, 0% used [0x00000000eab00000,0x00000000eab00000,0x00000000ec000000)
  from space 1024K, 0% used [0x00000000ec200000,0x00000000ec200000,0x00000000ec300000)
  to   space 1024K, 0% used [0x00000000ec100000,0x00000000ec100000,0x00000000ec200000)
 ParOldGen       total 68608K, used 29855K [0x00000000c0000000, 0x00000000c4300000, 0x00000000eab00000)
  object space 68608K, 43% used [0x00000000c0000000,0x00000000c1d27f70,0x00000000c4300000)
 Metaspace       used 34811K, committed 35840K, reserved 1114112K
  class space    used 3483K, committed 3904K, reserved 1048576K
}
Event: 26.040 GC heap before
{Heap before GC invocations=21 (full 2):
 PSYoungGen      total 22528K, used 21504K [0x00000000eab00000, 0x00000000ec300000, 0x0000000100000000)
  eden space 21504K, 100% used [0x00000000eab00000,0x00000000ec000000,0x00000000ec000000)
  from space 1024K, 0% used [0x00000000ec200000,0x00000000ec200000,0x00000000ec300000)
  to   space 1024K, 0% used [0x00000000ec100000,0x00000000ec100000,0x00000000ec200000)
 ParOldGen       total 68608K, used 29855K [0x00000000c0000000, 0x00000000c4300000, 0x00000000eab00000)
  object space 68608K, 43% used [0x00000000c0000000,0x00000000c1d27f70,0x00000000c4300000)
 Metaspace       used 36377K, committed 37312K, reserved 1114112K
  class space    used 3639K, committed 4032K, reserved 1048576K
}
Event: 26.042 GC heap after
{Heap after GC invocations=21 (full 2):
 PSYoungGen      total 22016K, used 480K [0x00000000eab00000, 0x00000000ec280000, 0x0000000100000000)
  eden space 21504K, 0% used [0x00000000eab00000,0x00000000eab00000,0x00000000ec000000)
  from space 512K, 93% used [0x00000000ec100000,0x00000000ec178000,0x00000000ec180000)
  to   space 1024K, 0% used [0x00000000ec180000,0x00000000ec180000,0x00000000ec280000)
 ParOldGen       total 68608K, used 29863K [0x00000000c0000000, 0x00000000c4300000, 0x00000000eab00000)
  object space 68608K, 43% used [0x00000000c0000000,0x00000000c1d29f70,0x00000000c4300000)
 Metaspace       used 36377K, committed 37312K, reserved 1114112K
  class space    used 3639K, committed 4032K, reserved 1048576K
}
Event: 27.147 GC heap before
{Heap before GC invocations=22 (full 2):
 PSYoungGen      total 22016K, used 21984K [0x00000000eab00000, 0x00000000ec280000, 0x0000000100000000)
  eden space 21504K, 100% used [0x00000000eab00000,0x00000000ec000000,0x00000000ec000000)
  from space 512K, 93% used [0x00000000ec100000,0x00000000ec178000,0x00000000ec180000)
  to   space 1024K, 0% used [0x00000000ec180000,0x00000000ec180000,0x00000000ec280000)
 ParOldGen       total 68608K, used 29863K [0x00000000c0000000, 0x00000000c4300000, 0x00000000eab00000)
  object space 68608K, 43% used [0x00000000c0000000,0x00000000c1d29f70,0x00000000c4300000)
 Metaspace       used 38025K, committed 38976K, reserved 1114112K
  class space    used 3796K, committed 4224K, reserved 1048576K
}
Event: 27.151 GC heap after
{Heap after GC invocations=22 (full 2):
 PSYoungGen      total 22528K, used 768K [0x00000000eab00000, 0x00000000ec280000, 0x0000000100000000)
  eden space 21504K, 0% used [0x00000000eab00000,0x00000000eab00000,0x00000000ec000000)
  from space 1024K, 75% used [0x00000000ec180000,0x00000000ec240000,0x00000000ec280000)
  to   space 1024K, 0% used [0x00000000ec080000,0x00000000ec080000,0x00000000ec180000)
 ParOldGen       total 68608K, used 30199K [0x00000000c0000000, 0x00000000c4300000, 0x00000000eab00000)
  object space 68608K, 44% used [0x00000000c0000000,0x00000000c1d7df70,0x00000000c4300000)
 Metaspace       used 38025K, committed 38976K, reserved 1114112K
  class space    used 3796K, committed 4224K, reserved 1048576K
}
Event: 28.002 GC heap before
{Heap before GC invocations=23 (full 2):
 PSYoungGen      total 22528K, used 22204K [0x00000000eab00000, 0x00000000ec280000, 0x0000000100000000)
  eden space 21504K, 99% used [0x00000000eab00000,0x00000000ebfef0e0,0x00000000ec000000)
  from space 1024K, 75% used [0x00000000ec180000,0x00000000ec240000,0x00000000ec280000)
  to   space 1024K, 0% used [0x00000000ec080000,0x00000000ec080000,0x00000000ec180000)
 ParOldGen       total 68608K, used 30199K [0x00000000c0000000, 0x00000000c4300000, 0x00000000eab00000)
  object space 68608K, 44% used [0x00000000c0000000,0x00000000c1d7df70,0x00000000c4300000)
 Metaspace       used 39826K, committed 40768K, reserved 1114112K
  class space    used 3957K, committed 4352K, reserved 1048576K
}
Event: 28.009 GC heap after
{Heap after GC invocations=23 (full 2):
 PSYoungGen      total 22528K, used 993K [0x00000000eab00000, 0x00000000ec900000, 0x0000000100000000)
  eden space 21504K, 0% used [0x00000000eab00000,0x00000000eab00000,0x00000000ec000000)
  from space 1024K, 96% used [0x00000000ec080000,0x00000000ec178518,0x00000000ec180000)
  to   space 4608K, 0% used [0x00000000ec480000,0x00000000ec480000,0x00000000ec900000)
 ParOldGen       total 68608K, used 32875K [0x00000000c0000000, 0x00000000c4300000, 0x00000000eab00000)
  object space 68608K, 47% used [0x00000000c0000000,0x00000000c201ac18,0x00000000c4300000)
 Metaspace       used 39826K, committed 40768K, reserved 1114112K
  class space    used 3957K, committed 4352K, reserved 1048576K
}
Event: 28.112 GC heap before
{Heap before GC invocations=24 (full 2):
 PSYoungGen      total 22528K, used 22497K [0x00000000eab00000, 0x00000000ec900000, 0x0000000100000000)
  eden space 21504K, 100% used [0x00000000eab00000,0x00000000ec000000,0x00000000ec000000)
  from space 1024K, 96% used [0x00000000ec080000,0x00000000ec178518,0x00000000ec180000)
  to   space 4608K, 0% used [0x00000000ec480000,0x00000000ec480000,0x00000000ec900000)
 ParOldGen       total 68608K, used 32875K [0x00000000c0000000, 0x00000000c4300000, 0x00000000eab00000)
  object space 68608K, 47% used [0x00000000c0000000,0x00000000c201ac18,0x00000000c4300000)
 Metaspace       used 39854K, committed 40768K, reserved 1114112K
  class space    used 3957K, committed 4352K, reserved 1048576K
}
Event: 28.123 GC heap after
{Heap after GC invocations=24 (full 2):
 PSYoungGen      total 22528K, used 658K [0x00000000eab00000, 0x00000000ec580000, 0x0000000100000000)
  eden space 21504K, 0% used [0x00000000eab00000,0x00000000eab00000,0x00000000ec000000)
  from space 1024K, 64% used [0x00000000ec480000,0x00000000ec524ab0,0x00000000ec580000)
  to   space 2048K, 0% used [0x00000000ec180000,0x00000000ec180000,0x00000000ec380000)
 ParOldGen       total 68608K, used 33775K [0x00000000c0000000, 0x00000000c4300000, 0x00000000eab00000)
  object space 68608K, 49% used [0x00000000c0000000,0x00000000c20fbde0,0x00000000c4300000)
 Metaspace       used 39854K, committed 40768K, reserved 1114112K
  class space    used 3957K, committed 4352K, reserved 1048576K
}
Event: 28.333 GC heap before
{Heap before GC invocations=25 (full 2):
 PSYoungGen      total 22528K, used 22162K [0x00000000eab00000, 0x00000000ec580000, 0x0000000100000000)
  eden space 21504K, 100% used [0x00000000eab00000,0x00000000ec000000,0x00000000ec000000)
  from space 1024K, 64% used [0x00000000ec480000,0x00000000ec524ab0,0x00000000ec580000)
  to   space 2048K, 0% used [0x00000000ec180000,0x00000000ec180000,0x00000000ec380000)
 ParOldGen       total 68608K, used 33775K [0x00000000c0000000, 0x00000000c4300000, 0x00000000eab00000)
  object space 68608K, 49% used [0x00000000c0000000,0x00000000c20fbde0,0x00000000c4300000)
 Metaspace       used 41048K, committed 42048K, reserved 1114112K
  class space    used 4052K, committed 4480K, reserved 1048576K
}
Event: 28.338 GC heap after
{Heap after GC invocations=25 (full 2):
 PSYoungGen      total 23552K, used 544K [0x00000000eab00000, 0x00000000ec500000, 0x0000000100000000)
  eden space 21504K, 0% used [0x00000000eab00000,0x00000000eab00000,0x00000000ec000000)
  from space 2048K, 26% used [0x00000000ec180000,0x00000000ec208000,0x00000000ec380000)
  to   space 1024K, 0% used [0x00000000ec400000,0x00000000ec400000,0x00000000ec500000)
 ParOldGen       total 68608K, used 33976K [0x00000000c0000000, 0x00000000c4300000, 0x00000000eab00000)
  object space 68608K, 49% used [0x00000000c0000000,0x00000000c212e380,0x00000000c4300000)
 Metaspace       used 41048K, committed 42048K, reserved 1114112K
  class space    used 4052K, committed 4480K, reserved 1048576K
}
Event: 28.476 GC heap before
{Heap before GC invocations=26 (full 2):
 PSYoungGen      total 23552K, used 21989K [0x00000000eab00000, 0x00000000ec500000, 0x0000000100000000)
  eden space 21504K, 99% used [0x00000000eab00000,0x00000000ebff14e8,0x00000000ec000000)
  from space 2048K, 26% used [0x00000000ec180000,0x00000000ec208000,0x00000000ec380000)
  to   space 1024K, 0% used [0x00000000ec400000,0x00000000ec400000,0x00000000ec500000)
 ParOldGen       total 68608K, used 33976K [0x00000000c0000000, 0x00000000c4300000, 0x00000000eab00000)
  object space 68608K, 49% used [0x00000000c0000000,0x00000000c212e380,0x00000000c4300000)
 Metaspace       used 41256K, committed 42240K, reserved 1114112K
  class space    used 4062K, committed 4480K, reserved 1048576K
}
Event: 28.478 GC heap after
{Heap after GC invocations=26 (full 2):
 PSYoungGen      total 22528K, used 1024K [0x00000000eab00000, 0x00000000ec500000, 0x0000000100000000)
  eden space 21504K, 0% used [0x00000000eab00000,0x00000000eab00000,0x00000000ec000000)
  from space 1024K, 100% used [0x00000000ec400000,0x00000000ec500000,0x00000000ec500000)
  to   space 2560K, 0% used [0x00000000ec000000,0x00000000ec000000,0x00000000ec280000)
 ParOldGen       total 68608K, used 34953K [0x00000000c0000000, 0x00000000c4300000, 0x00000000eab00000)
  object space 68608K, 50% used [0x00000000c0000000,0x00000000c2222480,0x00000000c4300000)
 Metaspace       used 41256K, committed 42240K, reserved 1114112K
  class space    used 4062K, committed 4480K, reserved 1048576K
}
Event: 28.877 GC heap before
{Heap before GC invocations=27 (full 2):
 PSYoungGen      total 22528K, used 22528K [0x00000000eab00000, 0x00000000ec500000, 0x0000000100000000)
  eden space 21504K, 100% used [0x00000000eab00000,0x00000000ec000000,0x00000000ec000000)
  from space 1024K, 100% used [0x00000000ec400000,0x00000000ec500000,0x00000000ec500000)
  to   space 2560K, 0% used [0x00000000ec000000,0x00000000ec000000,0x00000000ec280000)
 ParOldGen       total 68608K, used 35090K [0x00000000c0000000, 0x00000000c4300000, 0x00000000eab00000)
  object space 68608K, 51% used [0x00000000c0000000,0x00000000c2244820,0x00000000c4300000)
 Metaspace       used 42336K, committed 43328K, reserved 1114112K
  class space    used 4163K, committed 4608K, reserved 1048576K
}
Event: 28.881 GC heap after
{Heap after GC invocations=27 (full 2):
 PSYoungGen      total 24064K, used 2121K [0x00000000eab00000, 0x00000000ec500000, 0x0000000100000000)
  eden space 21504K, 0% used [0x00000000eab00000,0x00000000eab00000,0x00000000ec000000)
  from space 2560K, 82% used [0x00000000ec000000,0x00000000ec2124c0,0x00000000ec280000)
  to   space 2560K, 0% used [0x00000000ec280000,0x00000000ec280000,0x00000000ec500000)
 ParOldGen       total 68608K, used 36087K [0x00000000c0000000, 0x00000000c4300000, 0x00000000eab00000)
  object space 68608K, 52% used [0x00000000c0000000,0x00000000c233dd38,0x00000000c4300000)
 Metaspace       used 42336K, committed 43328K, reserved 1114112K
  class space    used 4163K, committed 4608K, reserved 1048576K
}

